<?xml version="1.0" encoding="UTF-8"?>
<xtlcon:document-container timestamp="2024-06-25T17:03:39.1810711+02:00"
                           _href-target-path="file:///C:/Data/Erik/work/xatapult/xprocref/build"
                           xmlns:xtlcon="http://www.xtpxlib.nl/ns/container">
   <!-- == MAIN PAGES: == -->
   <xtlcon:document href-target="index.html"
                    content-type="text/html"
                    _document-index="1"
                    _href-target="file:///C:/Data/Erik/work/xatapult/xprocref/build/index.html">
      <html xmlns="http://www.w3.org/1999/xhtml">
         <head>
            <meta http-equiv="Content-Type"
                  content="text/html; charset=utf-8"/>
            <meta name="viewport"
                  content="width=device-width, initial-scale=1"/>
            <link href="css/bootstrap.min.css"
                  rel="stylesheet"/>
            <script defer="defer"
                    src="js/bootstrap.bundle.min.js"/>
            <title>XProcRef home</title>
            <link rel="shortcut icon"
                  href="images/favicon.ico"/>
         </head>
         <body>
            <nav class="navbar navbar-expand-sm bg-secondary navbar-dark ">
               <div class="container-fluid">
                  <a class="navbar-brand"
                     href="index.html">
                     <img src="images/logo.png"
                          class="img-fluid"
                          width="18%"/>
                  </a>
               </div>
               <div class="container-fluid">
                  <ul class="nav justify-content-end nav-pills text-light">
                     <li class="nav-item lead">
                        <a class="nav-link text-light"
                           href="index.html">home</a>
                     </li>
                     <li class="nav-item dropdown lead">
                        <a class="nav-link dropdown-toggle text-light"
                           data-bs-toggle="dropdown"
                           href="#">versions</a>
                        <ul class="dropdown-menu">
                           <li class="lead">
                              <a class="dropdown-item"
                                 href="versions.html">overview</a>
                           </li>
                           <li class="lead">
                              <a class="dropdown-item"
                                 href="3.1/index.html">3.1 (latest)</a>
                           </li>
                           <li class="lead">
                              <a class="dropdown-item"
                                 href="3.0/index.html">3.0</a>
                           </li>
                        </ul>
                     </li>
                     <li class="nav-item lead">
                        <a class="nav-link text-light"
                           href="about.html">about</a>
                     </li>
                  </ul>
               </div>
            </nav>
            <div class="container pt-5">
               <div class="sect1">
                  <h1 class="sect1">XProcRef home</h1>
                  <p class="para">TBD</p>
               </div>
            </div>
            <p> </p>
         </body>
      </html>
   </xtlcon:document>
   <xtlcon:document href-target="versions.html"
                    content-type="text/html"
                    _document-index="2"
                    _href-target="file:///C:/Data/Erik/work/xatapult/xprocref/build/versions.html">
      <html xmlns="http://www.w3.org/1999/xhtml">
         <head>
            <meta http-equiv="Content-Type"
                  content="text/html; charset=utf-8"/>
            <meta name="viewport"
                  content="width=device-width, initial-scale=1"/>
            <link href="css/bootstrap.min.css"
                  rel="stylesheet"/>
            <script defer="defer"
                    src="js/bootstrap.bundle.min.js"/>
            <title>XProc versions</title>
            <link rel="shortcut icon"
                  href="images/favicon.ico"/>
         </head>
         <body>
            <nav class="navbar navbar-expand-sm bg-secondary navbar-dark ">
               <div class="container-fluid">
                  <a class="navbar-brand"
                     href="index.html">
                     <img src="images/logo.png"
                          class="img-fluid"
                          width="18%"/>
                  </a>
               </div>
               <div class="container-fluid">
                  <ul class="nav justify-content-end nav-pills text-light">
                     <li class="nav-item lead">
                        <a class="nav-link text-light"
                           href="index.html">home</a>
                     </li>
                     <li class="nav-item dropdown lead">
                        <a class="nav-link dropdown-toggle text-light"
                           data-bs-toggle="dropdown"
                           href="#">versions</a>
                        <ul class="dropdown-menu">
                           <li class="lead">
                              <a class="dropdown-item"
                                 href="versions.html">overview</a>
                           </li>
                           <li class="lead">
                              <a class="dropdown-item"
                                 href="3.1/index.html">3.1 (latest)</a>
                           </li>
                           <li class="lead">
                              <a class="dropdown-item"
                                 href="3.0/index.html">3.0</a>
                           </li>
                        </ul>
                     </li>
                     <li class="nav-item lead">
                        <a class="nav-link text-light"
                           href="about.html">about</a>
                     </li>
                  </ul>
               </div>
            </nav>
            <div class="container pt-5">
               <div class="sect1">
                  <h1 class="sect1">XProc versions</h1>
                  <ul class="itemizedlist versions-list">
                     <li>
                        <p class="para">
                           <a href="3.1/index.html">
                              <span class="link">Version 3.1</span>
                           </a>
                        </p>
                        <p class="para">The XProc version 3.1 (NEW!)</p>
                     </li>
                     <li>
                        <p class="para">
                           <a href="3.0/index.html">
                              <span class="link">Version 3.0</span>
                           </a>
                        </p>
                        <p class="para">The base XProc version 3.0</p>
                     </li>
                  </ul>
               </div>
            </div>
            <p> </p>
         </body>
      </html>
   </xtlcon:document>
   <xtlcon:document href-target="about.html"
                    content-type="text/html"
                    _document-index="3"
                    _href-target="file:///C:/Data/Erik/work/xatapult/xprocref/build/about.html">
      <html xmlns="http://www.w3.org/1999/xhtml">
         <head>
            <meta http-equiv="Content-Type"
                  content="text/html; charset=utf-8"/>
            <meta name="viewport"
                  content="width=device-width, initial-scale=1"/>
            <link href="css/bootstrap.min.css"
                  rel="stylesheet"/>
            <script defer="defer"
                    src="js/bootstrap.bundle.min.js"/>
            <title>About XProcRef</title>
            <link rel="shortcut icon"
                  href="images/favicon.ico"/>
         </head>
         <body>
            <nav class="navbar navbar-expand-sm bg-secondary navbar-dark ">
               <div class="container-fluid">
                  <a class="navbar-brand"
                     href="index.html">
                     <img src="images/logo.png"
                          class="img-fluid"
                          width="18%"/>
                  </a>
               </div>
               <div class="container-fluid">
                  <ul class="nav justify-content-end nav-pills text-light">
                     <li class="nav-item lead">
                        <a class="nav-link text-light"
                           href="index.html">home</a>
                     </li>
                     <li class="nav-item dropdown lead">
                        <a class="nav-link dropdown-toggle text-light"
                           data-bs-toggle="dropdown"
                           href="#">versions</a>
                        <ul class="dropdown-menu">
                           <li class="lead">
                              <a class="dropdown-item"
                                 href="versions.html">overview</a>
                           </li>
                           <li class="lead">
                              <a class="dropdown-item"
                                 href="3.1/index.html">3.1 (latest)</a>
                           </li>
                           <li class="lead">
                              <a class="dropdown-item"
                                 href="3.0/index.html">3.0</a>
                           </li>
                        </ul>
                     </li>
                     <li class="nav-item lead">
                        <a class="nav-link text-light"
                           href="about.html">about</a>
                     </li>
                  </ul>
               </div>
            </nav>
            <div class="container pt-5">
               <div class="sect1">
                  <h1 class="sect1">About XProcRef</h1>
                  <p class="para">TBD</p>
               </div>
            </div>
            <p> </p>
         </body>
      </html>
   </xtlcon:document>
   <!-- == PAGES VERSION 3.1 == -->
   <xtlcon:document href-target="3.1/index.html"
                    content-type="text/html"
                    _document-index="4"
                    _href-target="file:///C:/Data/Erik/work/xatapult/xprocref/build/3.1/index.html">
      <html xmlns="http://www.w3.org/1999/xhtml">
         <head>
            <meta http-equiv="Content-Type"
                  content="text/html; charset=utf-8"/>
            <meta name="viewport"
                  content="width=device-width, initial-scale=1"/>
            <link href="../css/bootstrap.min.css"
                  rel="stylesheet"/>
            <script defer="defer"
                    src="../js/bootstrap.bundle.min.js"/>
            <title>All steps for XProc version 3.1</title>
            <link rel="shortcut icon"
                  href="../images/favicon.ico"/>
         </head>
         <body>
            <nav class="navbar navbar-expand-sm bg-secondary navbar-dark ">
               <div class="container-fluid">
                  <a class="navbar-brand"
                     href="../index.html">
                     <img src="../images/logo.png"
                          class="img-fluid"
                          width="18%"/>
                  </a>
               </div>
               <div class="container-fluid">
                  <ul class="nav justify-content-end nav-pills text-light">
                     <li class="nav-item lead">
                        <a class="nav-link text-light"
                           href="../index.html">home</a>
                     </li>
                     <li class="nav-item dropdown lead">
                        <a class="nav-link dropdown-toggle text-light"
                           data-bs-toggle="dropdown"
                           href="#">versions</a>
                        <ul class="dropdown-menu">
                           <li class="lead">
                              <a class="dropdown-item"
                                 href="../versions.html">overview</a>
                           </li>
                           <li class="lead">
                              <a class="dropdown-item"
                                 href="../3.1/index.html">3.1 (latest)</a>
                           </li>
                           <li class="lead">
                              <a class="dropdown-item"
                                 href="../3.0/index.html">3.0</a>
                           </li>
                        </ul>
                     </li>
                     <li class="nav-item lead">
                        <a class="nav-link text-light"
                           href="categories.html">categories</a>
                     </li>
                     <li class="nav-item lead">
                        <a class="nav-link text-light"
                           href="../about.html">about</a>
                     </li>
                  </ul>
               </div>
            </nav>
            <div class="container pt-5">
               <div class="sect1">
                  <h1 class="sect1">All steps for XProc version 3.1</h1>
                  <p class="para">The XProc version 3.1 (NEW!)</p>
                  <p class="para">You can also view these steps <a href="categories.html">
                        <span class="link">by category</span>
                     </a>.</p>
                  <p class="para step-start-character-list">
                     <a href="#steps_I"
                        class="xref">I</a>  <a href="#steps_R"
                        class="xref">R</a>
                  </p>
                  <div class="sect2"
                       id="steps_I">
                     <a name="steps_I">
                        <!---->
                     </a>
                     <h2 class="sect2">I</h2>
                     <ul class="itemizedlist step-list">
                        <li>
                           <p class="para">
                              <a href="p.insert.html">
                                 <span class="link">p:insert</span>
                              </a> -
            Insert a piece of content in another</p>
                        </li>
                     </ul>
                  </div>
                  <div class="sect2"
                       id="steps_R">
                     <a name="steps_R">
                        <!---->
                     </a>
                     <h2 class="sect2">R</h2>
                     <ul class="itemizedlist step-list">
                        <li>
                           <p class="para">
                              <a href="p.replace.html">
                                 <span class="link">p:replace</span>
                              </a> -
            Replaces matching nodes</p>
                        </li>
                     </ul>
                  </div>
               </div>
            </div>
            <p> </p>
         </body>
      </html>
   </xtlcon:document>
   <xtlcon:document href-target="3.1/categories.html"
                    content-type="text/html"
                    _document-index="5"
                    _href-target="file:///C:/Data/Erik/work/xatapult/xprocref/build/3.1/categories.html">
      <html xmlns="http://www.w3.org/1999/xhtml">
         <head>
            <meta http-equiv="Content-Type"
                  content="text/html; charset=utf-8"/>
            <meta name="viewport"
                  content="width=device-width, initial-scale=1"/>
            <link href="../css/bootstrap.min.css"
                  rel="stylesheet"/>
            <script defer="defer"
                    src="../js/bootstrap.bundle.min.js"/>
            <title>CATEGORIES VERSION 3.1</title>
            <link rel="shortcut icon"
                  href="../images/favicon.ico"/>
         </head>
         <body>
            <nav class="navbar navbar-expand-sm bg-secondary navbar-dark ">
               <div class="container-fluid">
                  <a class="navbar-brand"
                     href="../index.html">
                     <img src="../images/logo.png"
                          class="img-fluid"
                          width="18%"/>
                  </a>
               </div>
               <div class="container-fluid">
                  <ul class="nav justify-content-end nav-pills text-light">
                     <li class="nav-item lead">
                        <a class="nav-link text-light"
                           href="../index.html">home</a>
                     </li>
                     <li class="nav-item dropdown lead">
                        <a class="nav-link dropdown-toggle text-light"
                           data-bs-toggle="dropdown"
                           href="#">versions</a>
                        <ul class="dropdown-menu">
                           <li class="lead">
                              <a class="dropdown-item"
                                 href="../versions.html">overview</a>
                           </li>
                           <li class="lead">
                              <a class="dropdown-item"
                                 href="../3.1/index.html">3.1 (latest)</a>
                           </li>
                           <li class="lead">
                              <a class="dropdown-item"
                                 href="../3.0/index.html">3.0</a>
                           </li>
                        </ul>
                     </li>
                     <li class="nav-item lead">
                        <a class="nav-link text-light"
                           href="categories.html">categories</a>
                     </li>
                     <li class="nav-item lead">
                        <a class="nav-link text-light"
                           href="../about.html">about</a>
                     </li>
                  </ul>
               </div>
            </nav>
            <div class="container pt-5">
               <div class="sect1">
                  <h1 class="sect1">CATEGORIES VERSION 3.1</h1>
                  <ul class="itemizedlist category-list">
                     <li>
                        <p class="para">
                           <a href="Test.html">
                              <span class="link">Test</span>
                           </a>
                        </p>
                        <p class="para">Just a test category</p>
                     </li>
                     <li>
                        <p class="para">
                           <a href="Test_2.html">
                              <span class="link">Test 2</span>
                           </a>
                        </p>
                        <p class="para">Just another test category</p>
                     </li>
                     <li>
                        <p class="para">
                           <a href="Test_3.html">
                              <span class="link">Test 3</span>
                           </a>
                        </p>
                        <p class="para">Just another test category</p>
                     </li>
                  </ul>
               </div>
            </div>
            <p> </p>
         </body>
      </html>
   </xtlcon:document>
   <xtlcon:document href-target="3.1/Test.html"
                    content-type="text/html"
                    _document-index="6"
                    _href-target="file:///C:/Data/Erik/work/xatapult/xprocref/build/3.1/Test.html">
      <html xmlns="http://www.w3.org/1999/xhtml">
         <head>
            <meta http-equiv="Content-Type"
                  content="text/html; charset=utf-8"/>
            <meta name="viewport"
                  content="width=device-width, initial-scale=1"/>
            <link href="../css/bootstrap.min.css"
                  rel="stylesheet"/>
            <script defer="defer"
                    src="../js/bootstrap.bundle.min.js"/>
            <title>Category: Test </title>
            <link rel="shortcut icon"
                  href="../images/favicon.ico"/>
         </head>
         <body>
            <nav class="navbar navbar-expand-sm bg-secondary navbar-dark ">
               <div class="container-fluid">
                  <a class="navbar-brand"
                     href="../index.html">
                     <img src="../images/logo.png"
                          class="img-fluid"
                          width="18%"/>
                  </a>
               </div>
               <div class="container-fluid">
                  <ul class="nav justify-content-end nav-pills text-light">
                     <li class="nav-item lead">
                        <a class="nav-link text-light"
                           href="../index.html">home</a>
                     </li>
                     <li class="nav-item dropdown lead">
                        <a class="nav-link dropdown-toggle text-light"
                           data-bs-toggle="dropdown"
                           href="#">versions</a>
                        <ul class="dropdown-menu">
                           <li class="lead">
                              <a class="dropdown-item"
                                 href="../versions.html">overview</a>
                           </li>
                           <li class="lead">
                              <a class="dropdown-item"
                                 href="../3.1/index.html">3.1 (latest)</a>
                           </li>
                           <li class="lead">
                              <a class="dropdown-item"
                                 href="../3.0/index.html">3.0</a>
                           </li>
                        </ul>
                     </li>
                     <li class="nav-item lead">
                        <a class="nav-link text-light"
                           href="categories.html">categories</a>
                     </li>
                     <li class="nav-item lead">
                        <a class="nav-link text-light"
                           href="../about.html">about</a>
                     </li>
                  </ul>
               </div>
            </nav>
            <div class="container pt-5">
               <div class="sect1">
                  <h1 class="sect1">Category: Test <a href="Test_2.html">
                        <span class="link">
                           <img src="../images/next.png"
                                class="inlinemediaobject next-prev-marker"
                                width="1.5%"/>
                        </span>
                     </a>
                  </h1>
                  <p class="para">Just a test category</p>
                  <p class="para step-start-character-list">
                     <a href="#steps_I"
                        class="xref">I</a>  <a href="#steps_R"
                        class="xref">R</a>
                  </p>
                  <div class="sect2"
                       id="steps_I">
                     <a name="steps_I">
                        <!---->
                     </a>
                     <h2 class="sect2">I</h2>
                     <ul class="itemizedlist step-list">
                        <li>
                           <p class="para">
                              <a href="p.insert.html">
                                 <span class="link">p:insert</span>
                              </a> -
            Insert a piece of content in another</p>
                        </li>
                     </ul>
                  </div>
                  <div class="sect2"
                       id="steps_R">
                     <a name="steps_R">
                        <!---->
                     </a>
                     <h2 class="sect2">R</h2>
                     <ul class="itemizedlist step-list">
                        <li>
                           <p class="para">
                              <a href="p.replace.html">
                                 <span class="link">p:replace</span>
                              </a> -
            Replaces matching nodes</p>
                        </li>
                     </ul>
                  </div>
               </div>
            </div>
            <p> </p>
         </body>
      </html>
   </xtlcon:document>
   <xtlcon:document href-target="3.1/Test_2.html"
                    content-type="text/html"
                    _document-index="7"
                    _href-target="file:///C:/Data/Erik/work/xatapult/xprocref/build/3.1/Test_2.html">
      <html xmlns="http://www.w3.org/1999/xhtml">
         <head>
            <meta http-equiv="Content-Type"
                  content="text/html; charset=utf-8"/>
            <meta name="viewport"
                  content="width=device-width, initial-scale=1"/>
            <link href="../css/bootstrap.min.css"
                  rel="stylesheet"/>
            <script defer="defer"
                    src="../js/bootstrap.bundle.min.js"/>
            <title> Category: Test 2 </title>
            <link rel="shortcut icon"
                  href="../images/favicon.ico"/>
         </head>
         <body>
            <nav class="navbar navbar-expand-sm bg-secondary navbar-dark ">
               <div class="container-fluid">
                  <a class="navbar-brand"
                     href="../index.html">
                     <img src="../images/logo.png"
                          class="img-fluid"
                          width="18%"/>
                  </a>
               </div>
               <div class="container-fluid">
                  <ul class="nav justify-content-end nav-pills text-light">
                     <li class="nav-item lead">
                        <a class="nav-link text-light"
                           href="../index.html">home</a>
                     </li>
                     <li class="nav-item dropdown lead">
                        <a class="nav-link dropdown-toggle text-light"
                           data-bs-toggle="dropdown"
                           href="#">versions</a>
                        <ul class="dropdown-menu">
                           <li class="lead">
                              <a class="dropdown-item"
                                 href="../versions.html">overview</a>
                           </li>
                           <li class="lead">
                              <a class="dropdown-item"
                                 href="../3.1/index.html">3.1 (latest)</a>
                           </li>
                           <li class="lead">
                              <a class="dropdown-item"
                                 href="../3.0/index.html">3.0</a>
                           </li>
                        </ul>
                     </li>
                     <li class="nav-item lead">
                        <a class="nav-link text-light"
                           href="categories.html">categories</a>
                     </li>
                     <li class="nav-item lead">
                        <a class="nav-link text-light"
                           href="../about.html">about</a>
                     </li>
                  </ul>
               </div>
            </nav>
            <div class="container pt-5">
               <div class="sect1">
                  <h1 class="sect1">
                     <a href="Test.html">
                        <span class="link">
                           <img src="../images/previous.png"
                                class="inlinemediaobject next-prev-marker"
                                width="1.5%"/>
                        </span>
                     </a> Category: Test 2 <a href="Test_3.html">
                        <span class="link">
                           <img src="../images/next.png"
                                class="inlinemediaobject next-prev-marker"
                                width="1.5%"/>
                        </span>
                     </a>
                  </h1>
                  <p class="para">Just another test category</p>
                  <ul class="itemizedlist step-list">
                     <li>
                        <p class="para">
                           <a href="p.insert.html">
                              <span class="link">p:insert</span>
                           </a> -
            Insert a piece of content in another</p>
                     </li>
                  </ul>
               </div>
            </div>
            <p> </p>
         </body>
      </html>
   </xtlcon:document>
   <xtlcon:document href-target="3.1/Test_3.html"
                    content-type="text/html"
                    _document-index="8"
                    _href-target="file:///C:/Data/Erik/work/xatapult/xprocref/build/3.1/Test_3.html">
      <html xmlns="http://www.w3.org/1999/xhtml">
         <head>
            <meta http-equiv="Content-Type"
                  content="text/html; charset=utf-8"/>
            <meta name="viewport"
                  content="width=device-width, initial-scale=1"/>
            <link href="../css/bootstrap.min.css"
                  rel="stylesheet"/>
            <script defer="defer"
                    src="../js/bootstrap.bundle.min.js"/>
            <title> Category: Test 3</title>
            <link rel="shortcut icon"
                  href="../images/favicon.ico"/>
         </head>
         <body>
            <nav class="navbar navbar-expand-sm bg-secondary navbar-dark ">
               <div class="container-fluid">
                  <a class="navbar-brand"
                     href="../index.html">
                     <img src="../images/logo.png"
                          class="img-fluid"
                          width="18%"/>
                  </a>
               </div>
               <div class="container-fluid">
                  <ul class="nav justify-content-end nav-pills text-light">
                     <li class="nav-item lead">
                        <a class="nav-link text-light"
                           href="../index.html">home</a>
                     </li>
                     <li class="nav-item dropdown lead">
                        <a class="nav-link dropdown-toggle text-light"
                           data-bs-toggle="dropdown"
                           href="#">versions</a>
                        <ul class="dropdown-menu">
                           <li class="lead">
                              <a class="dropdown-item"
                                 href="../versions.html">overview</a>
                           </li>
                           <li class="lead">
                              <a class="dropdown-item"
                                 href="../3.1/index.html">3.1 (latest)</a>
                           </li>
                           <li class="lead">
                              <a class="dropdown-item"
                                 href="../3.0/index.html">3.0</a>
                           </li>
                        </ul>
                     </li>
                     <li class="nav-item lead">
                        <a class="nav-link text-light"
                           href="categories.html">categories</a>
                     </li>
                     <li class="nav-item lead">
                        <a class="nav-link text-light"
                           href="../about.html">about</a>
                     </li>
                  </ul>
               </div>
            </nav>
            <div class="container pt-5">
               <div class="sect1">
                  <h1 class="sect1">
                     <a href="Test_2.html">
                        <span class="link">
                           <img src="../images/previous.png"
                                class="inlinemediaobject next-prev-marker"
                                width="1.5%"/>
                        </span>
                     </a> Category: Test 3</h1>
                  <p class="para">Just another test category</p>
                  <ul class="itemizedlist step-list">
                     <li>
                        <p class="para">
                           <a href="p.insert.html">
                              <span class="link">p:insert</span>
                           </a> -
            Insert a piece of content in another</p>
                     </li>
                  </ul>
               </div>
            </div>
            <p> </p>
         </body>
      </html>
   </xtlcon:document>
   <xtlcon:document href-target="3.1/p.insert.html"
                    content-type="text/html"
                    _document-index="9"
                    _href-target="file:///C:/Data/Erik/work/xatapult/xprocref/build/3.1/p.insert.html">
      <html xmlns="http://www.w3.org/1999/xhtml">
         <head>
            <meta http-equiv="Content-Type"
                  content="text/html; charset=utf-8"/>
            <meta name="viewport"
                  content="width=device-width, initial-scale=1"/>
            <link href="../css/bootstrap.min.css"
                  rel="stylesheet"/>
            <script defer="defer"
                    src="../js/bootstrap.bundle.min.js"/>
            <title>Step: p:insert </title>
            <link rel="shortcut icon"
                  href="../images/favicon.ico"/>
         </head>
         <body>
            <nav class="navbar navbar-expand-sm bg-secondary navbar-dark ">
               <div class="container-fluid">
                  <a class="navbar-brand"
                     href="../index.html">
                     <img src="../images/logo.png"
                          class="img-fluid"
                          width="18%"/>
                  </a>
               </div>
               <div class="container-fluid">
                  <ul class="nav justify-content-end nav-pills text-light">
                     <li class="nav-item lead">
                        <a class="nav-link text-light"
                           href="../index.html">home</a>
                     </li>
                     <li class="nav-item dropdown lead">
                        <a class="nav-link dropdown-toggle text-light"
                           data-bs-toggle="dropdown"
                           href="#">versions</a>
                        <ul class="dropdown-menu">
                           <li class="lead">
                              <a class="dropdown-item"
                                 href="../versions.html">overview</a>
                           </li>
                           <li class="lead">
                              <a class="dropdown-item"
                                 href="../3.1/index.html">3.1 (latest)</a>
                           </li>
                           <li class="lead">
                              <a class="dropdown-item"
                                 href="../3.0/index.html">3.0</a>
                           </li>
                        </ul>
                     </li>
                     <li class="nav-item lead">
                        <a class="nav-link text-light"
                           href="categories.html">categories</a>
                     </li>
                     <li class="nav-item lead">
                        <a class="nav-link text-light"
                           href="../about.html">about</a>
                     </li>
                  </ul>
               </div>
            </nav>
            <div class="container pt-5">
               <div class="sect1">
                  <h1 class="sect1">Step: p:insert <a href="p.replace.html">
                        <span class="link">
                           <img src="../images/next.png"
                                class="inlinemediaobject next-prev-marker"
                                width="1.5%"/>
                        </span>
                     </a>
                  </h1>
                  <p class="para">Insert a piece of content in another</p>
                  <div class="programlisting step-signature">
                     <pre class="programlisting step-signature">&lt;p:declare-step type="p:insert"&gt;
  &lt;input port="source" primary="true" content-types="xml html" sequence="false"/&gt;
  &lt;output port="result" primary="true" content-types="xml html" sequence="false"/&gt;
  &lt;input port="insertion" primary="false" content-types="xml html" sequence="true"/&gt;
  &lt;option name="match" as="xs:string" required="false" select="/*"/&gt;
  &lt;option name="position" as="xs:string" required="false" select="after" values="first-child last-child before after"/&gt;
&lt;/p:declare-step&gt;</pre>
                  </div>
                  <p class="para">The <code class="code">p:insert</code> step inserts the <code class="code">insertion</code> port's document into the <span class="error">[*** Unrecognized element: &lt;db:port&gt; (phase: inline)]</span> port's document relative
          to the matching elements in the <code class="code">source</code> port's document.</p>
                  <p class="para table-header">Ports:</p>
                  <div class="table nonumber ports-table">
                     <table class="table nonumber ports-table">
                        <thead>
                           <tr>
                              <th>
                                 <p class="para">Type</p>
                              </th>
                              <th>
                                 <p class="para">Port name</p>
                              </th>
                              <th>
                                 <p class="para">Primary</p>
                              </th>
                              <th>
                                 <p class="para">Content types</p>
                              </th>
                              <th>
                                 <p class="para">Sequence</p>
                              </th>
                              <th>
                                 <p class="para">Description</p>
                              </th>
                           </tr>
                        </thead>
                        <tbody>
                           <tr>
                              <td>
                                 <p class="para">Input</p>
                              </td>
                              <td>
                                 <p class="para">
                                    <code class="code">source</code>
                                 </p>
                              </td>
                              <td>
                                 <p class="para">
                                    <code class="code">true</code>
                                 </p>
                              </td>
                              <td>
                                 <p class="para">
                                    <code class="code">xml html</code>
                                 </p>
                              </td>
                              <td>
                                 <p class="para">
                                    <code class="code">false</code>
                                 </p>
                              </td>
                              <td>
                                 <p class="para">The primary input port</p>
                              </td>
                           </tr>
                           <tr>
                              <td>
                                 <p class="para">Output</p>
                              </td>
                              <td>
                                 <p class="para">
                                    <code class="code">result</code>
                                 </p>
                              </td>
                              <td>
                                 <p class="para">
                                    <code class="code">true</code>
                                 </p>
                              </td>
                              <td>
                                 <p class="para">
                                    <code class="code">xml html</code>
                                 </p>
                              </td>
                              <td>
                                 <p class="para">
                                    <code class="code">false</code>
                                 </p>
                              </td>
                              <td>
                                 <p class="para">The primary output port</p>
                              </td>
                           </tr>
                           <tr>
                              <td>
                                 <p class="para">Input</p>
                              </td>
                              <td>
                                 <p class="para">
                                    <code class="code">insertion</code>
                                 </p>
                              </td>
                              <td>
                                 <p class="para">
                                    <code class="code">false</code>
                                 </p>
                              </td>
                              <td>
                                 <p class="para">
                                    <code class="code">xml html</code>
                                 </p>
                              </td>
                              <td>
                                 <p class="para">
                                    <code class="code">true</code>
                                 </p>
                              </td>
                              <td>
                                 <p class="para">The contents to insert</p>
                              </td>
                           </tr>
                        </tbody>
                     </table>
                  </div>
                  <p class="para table-header">Options:</p>
                  <div class="table nonumber options-table">
                     <table class="table nonumber options-table">
                        <thead>
                           <tr>
                              <th>
                                 <p class="para">Name</p>
                              </th>
                              <th>
                                 <p class="para">As</p>
                              </th>
                              <th>
                                 <p class="para">Required</p>
                              </th>
                              <th>
                                 <p class="para">Select</p>
                              </th>
                              <th>
                                 <p class="para">Description</p>
                              </th>
                           </tr>
                        </thead>
                        <tbody>
                           <tr>
                              <td>
                                 <p class="para">
                                    <code class="code">match</code>
                                 </p>
                              </td>
                              <td>
                                 <p class="para">
                                    <code class="code">xs:string</code> (<code class="code">XSLTSelectionPattern</code>)</p>
                              </td>
                              <td>
                                 <p class="para">
                                    <code class="code">false</code>
                                 </p>
                              </td>
                              <td>
                                 <p class="para">
                                    <code class="code">/*</code>
                                 </p>
                              </td>
                              <td>
                                 <p class="para">Where to insert stuff</p>
                              </td>
                           </tr>
                           <tr>
                              <td>
                                 <p class="para">
                                    <code class="code">position</code>
                                 </p>
                              </td>
                              <td>
                                 <p class="para">
                                    <code class="code">xs:string</code>
                                 </p>
                              </td>
                              <td>
                                 <p class="para">
                                    <code class="code">false</code>
                                 </p>
                              </td>
                              <td>
                                 <p class="para">
                                    <code class="code">after</code>
                                 </p>
                              </td>
                              <td>
                                 <p class="para">relative position where to insert the stuff</p>
                              </td>
                           </tr>
                        </tbody>
                     </table>
                  </div>
                  <div class="sect2">
                     <h2 class="sect2">Description</h2>
                     <p class="para">The value of the <span class="error">[*** Unrecognized element: &lt;db:option&gt; (phase: inline)]</span> option <span class="error">[*** Unrecognized element: &lt;db:rfc2119&gt; (phase: inline)]</span> be an XSLTSelectionPattern. <span class="error">[*** Unrecognized element: &lt;db:error code="C0023"&gt; (phase: inline)]</span> Multiple matches are allowed, in
          which case multiple copies of the <span class="error">[*** Unrecognized element: &lt;db:port&gt; (phase: inline)]</span> documents will occur. If no elements match, then the document is unchanged.</p>
                     <p class="para">The value of the <span class="error">[*** Unrecognized element: &lt;db:option&gt; (phase: inline)]</span> option <span class="error">[*** Unrecognized element: &lt;db:rfc2119&gt; (phase: inline)]</span> be an NMTOKEN in the following list: </p>
                     <ul class="itemizedlist">
                        <li>
                           <p class="para">“<code class="literal">first-child</code>” - the insertion is made as the first child of the match;</p>
                        </li>
                        <li>
                           <p class="para">“<code class="literal">last-child</code>” - the insertion is made as the last child of the match;</p>
                        </li>
                        <li>
                           <p class="para">“<code class="literal">before</code>” - the insertion is made as the immediate preceding sibling of the match;</p>
                        </li>
                        <li>
                           <p class="para">“<code class="literal">after</code>” - the insertion is made as the immediate following sibling of the match.</p>
                        </li>
                     </ul>
                     <p class="para">
                        <span class="error">[*** Unrecognized element: &lt;db:error code="C0025"&gt; (phase: inline)]</span>
                        <span class="error">[*** Unrecognized element: &lt;db:error code="C0024"&gt; (phase: inline)]</span>
                     </p>
                     <p class="para">As the inserted elements are part of the output of the step they are not considered in determining matching elements. If an empty
          sequence appears on the <span class="error">[*** Unrecognized element: &lt;db:port&gt; (phase: inline)]</span> port, the result will be the same as the source.</p>
                     <p class="error">[*** Unrecognized element: &lt;db:simplesect&gt; (phase: main)]</p>
                  </div>
                  <div class="sect2">
                     <h2 class="sect2">Reference information</h2>
                     <p class="para">This description of the <code class="code step">p:insert</code> step is for XProc version: <a href="index.html">
                           <span class="link">3.1</span>
                        </a>.</p>
                     <p class="para">The formal specification for the <code class="code step">p:insert</code> step can be found <a href="https://spec.xproc.org/master/head/steps/#c.insert"
                           target="_blank">
                           <span class="link newpage">here</span>
                        </a>.</p>
                     <p class="para">The <code class="code step">p:insert</code> step is part of categories:</p>
                     <ul class="itemizedlist">
                        <li>
                           <p class="para">
                              <a href="Test.html">
                                 <span class="link">Test</span>
                              </a>
                           </p>
                        </li>
                        <li>
                           <p class="para">
                              <a href="Test_2.html">
                                 <span class="link">Test 2</span>
                              </a>
                           </p>
                        </li>
                        <li>
                           <p class="para">
                              <a href="Test_3.html">
                                 <span class="link">Test 3</span>
                              </a>
                           </p>
                        </li>
                     </ul>
                  </div>
               </div>
            </div>
            <p> </p>
         </body>
      </html>
   </xtlcon:document>
   <xtlcon:document href-target="3.1/p.replace.html"
                    content-type="text/html"
                    _document-index="10"
                    _href-target="file:///C:/Data/Erik/work/xatapult/xprocref/build/3.1/p.replace.html">
      <html xmlns="http://www.w3.org/1999/xhtml">
         <head>
            <meta http-equiv="Content-Type"
                  content="text/html; charset=utf-8"/>
            <meta name="viewport"
                  content="width=device-width, initial-scale=1"/>
            <link href="../css/bootstrap.min.css"
                  rel="stylesheet"/>
            <script defer="defer"
                    src="../js/bootstrap.bundle.min.js"/>
            <title> Step: p:replace</title>
            <link rel="shortcut icon"
                  href="../images/favicon.ico"/>
         </head>
         <body>
            <nav class="navbar navbar-expand-sm bg-secondary navbar-dark ">
               <div class="container-fluid">
                  <a class="navbar-brand"
                     href="../index.html">
                     <img src="../images/logo.png"
                          class="img-fluid"
                          width="18%"/>
                  </a>
               </div>
               <div class="container-fluid">
                  <ul class="nav justify-content-end nav-pills text-light">
                     <li class="nav-item lead">
                        <a class="nav-link text-light"
                           href="../index.html">home</a>
                     </li>
                     <li class="nav-item dropdown lead">
                        <a class="nav-link dropdown-toggle text-light"
                           data-bs-toggle="dropdown"
                           href="#">versions</a>
                        <ul class="dropdown-menu">
                           <li class="lead">
                              <a class="dropdown-item"
                                 href="../versions.html">overview</a>
                           </li>
                           <li class="lead">
                              <a class="dropdown-item"
                                 href="../3.1/index.html">3.1 (latest)</a>
                           </li>
                           <li class="lead">
                              <a class="dropdown-item"
                                 href="../3.0/index.html">3.0</a>
                           </li>
                        </ul>
                     </li>
                     <li class="nav-item lead">
                        <a class="nav-link text-light"
                           href="categories.html">categories</a>
                     </li>
                     <li class="nav-item lead">
                        <a class="nav-link text-light"
                           href="../about.html">about</a>
                     </li>
                  </ul>
               </div>
            </nav>
            <div class="container pt-5">
               <div class="sect1">
                  <h1 class="sect1">
                     <a href="p.insert.html">
                        <span class="link">
                           <img src="../images/previous.png"
                                class="inlinemediaobject next-prev-marker"
                                width="1.5%"/>
                        </span>
                     </a> Step: p:replace</h1>
                  <p class="para">Replaces matching nodes</p>
                  <div class="programlisting step-signature">
                     <pre class="programlisting step-signature">&lt;p:declare-step type="p:replace"&gt;
  &lt;input port="source" primary="true" content-types="xml html" sequence="false"/&gt;
  &lt;output port="result" primary="true" content-types="text xml html" sequence="false"/&gt;
  &lt;input port="replacement" primary="false" content-types="text xml html" sequence="false"/&gt;
  &lt;option name="match" as="xs:string" required="false" select="/*"/&gt;
&lt;/p:declare-step&gt;</pre>
                  </div>
                  <p class="para">The <code class="code">p:replace</code> step replaces matching nodes in
          its primary input with the top-level node(s) of the
          <code class="code">replacement</code> port's document.</p>
                  <p class="para table-header">Ports:</p>
                  <div class="table nonumber ports-table">
                     <table class="table nonumber ports-table">
                        <thead>
                           <tr>
                              <th>
                                 <p class="para">Type</p>
                              </th>
                              <th>
                                 <p class="para">Port name</p>
                              </th>
                              <th>
                                 <p class="para">Primary</p>
                              </th>
                              <th>
                                 <p class="para">Content types</p>
                              </th>
                              <th>
                                 <p class="para">Sequence</p>
                              </th>
                              <th>
                                 <p class="para">Description</p>
                              </th>
                           </tr>
                        </thead>
                        <tbody>
                           <tr>
                              <td>
                                 <p class="para">Input</p>
                              </td>
                              <td>
                                 <p class="para">
                                    <code class="code">source</code>
                                 </p>
                              </td>
                              <td>
                                 <p class="para">
                                    <code class="code">true</code>
                                 </p>
                              </td>
                              <td>
                                 <p class="para">
                                    <code class="code">xml html</code>
                                 </p>
                              </td>
                              <td>
                                 <p class="para">
                                    <code class="code">false</code>
                                 </p>
                              </td>
                              <td>
                                 <p class="para">The primary source port</p>
                              </td>
                           </tr>
                           <tr>
                              <td>
                                 <p class="para">Output</p>
                              </td>
                              <td>
                                 <p class="para">
                                    <code class="code">result</code>
                                 </p>
                              </td>
                              <td>
                                 <p class="para">
                                    <code class="code">true</code>
                                 </p>
                              </td>
                              <td>
                                 <p class="para">
                                    <code class="code">text xml html</code>
                                 </p>
                              </td>
                              <td>
                                 <p class="para">
                                    <code class="code">false</code>
                                 </p>
                              </td>
                              <td>
                                 <p class="para">The final result</p>
                              </td>
                           </tr>
                           <tr>
                              <td>
                                 <p class="para">Input</p>
                              </td>
                              <td>
                                 <p class="para">
                                    <code class="code">replacement</code>
                                 </p>
                              </td>
                              <td>
                                 <p class="para">
                                    <code class="code">false</code>
                                 </p>
                              </td>
                              <td>
                                 <p class="para">
                                    <code class="code">text xml html</code>
                                 </p>
                              </td>
                              <td>
                                 <p class="para">
                                    <code class="code">false</code>
                                 </p>
                              </td>
                              <td>
                                 <p class="para">The thing to replace with</p>
                              </td>
                           </tr>
                        </tbody>
                     </table>
                  </div>
                  <p class="para table-header">Options:</p>
                  <div class="table nonumber options-table">
                     <table class="table nonumber options-table">
                        <thead>
                           <tr>
                              <th>
                                 <p class="para">Name</p>
                              </th>
                              <th>
                                 <p class="para">As</p>
                              </th>
                              <th>
                                 <p class="para">Required</p>
                              </th>
                              <th>
                                 <p class="para">Select</p>
                              </th>
                              <th>
                                 <p class="para">Description</p>
                              </th>
                           </tr>
                        </thead>
                        <tbody>
                           <tr>
                              <td>
                                 <p class="para">
                                    <code class="code">match</code>
                                 </p>
                              </td>
                              <td>
                                 <p class="para">
                                    <code class="code">xs:string</code> (<code class="code">XSLTSelectionPattern</code>)</p>
                              </td>
                              <td>
                                 <p class="para">
                                    <code class="code">false</code>
                                 </p>
                              </td>
                              <td>
                                 <p class="para">
                                    <code class="code">/*</code>
                                 </p>
                              </td>
                              <td>
                                 <p class="para">Where to replace stuff</p>
                              </td>
                           </tr>
                        </tbody>
                     </table>
                  </div>
                  <div class="sect2">
                     <h2 class="sect2">Description</h2>
                     <p class="para">The value of the <span class="error">[*** Unrecognized element: &lt;db:option&gt; (phase: inline)]</span> option
          <span class="error">[*** Unrecognized element: &lt;db:rfc2119&gt; (phase: inline)]</span> be an XSLTSelectionPattern. <span class="error">[*** Unrecognized element: &lt;db:error code="C0023"&gt; (phase: inline)]</span> Multiple matches are allowed, in which case multiple
          copies of the <span class="error">[*** Unrecognized element: &lt;db:port&gt; (phase: inline)]</span> document will occur.</p>
                     <p class="para">Every node in the primary input matching the specified
          pattern is replaced in the output by the top-level node(s)
          of the <span class="error">[*** Unrecognized element: &lt;db:port&gt; (phase: inline)]</span> document. Only non-nested matches are
          replaced. That is, once a node is replaced, its descendants cannot
          be matched.</p>
                     <p class="para">If the document node is matched and port <span class="error">[*** Unrecognized element: &lt;db:port&gt; (phase: inline)]</span> contains
          a text document, the entire document is replaced by the text node. What appears on port 
          <span class="error">[*** Unrecognized element: &lt;db:port&gt; (phase: inline)]</span> is a text document with the text node wrapped in a document node.</p>
                     <p class="para">If the resulting document contains exactly one text node,
            the <code class="literal">content-type</code> property is changed to <code class="literal">text/plain</code> and the 
            <code class="literal">serialization</code> property is removed, while all other document properties are 
            preserved. For other document types, all document properties are preserved.</p>
                  </div>
                  <div class="sect2">
                     <h2 class="sect2">Example: First example</h2>
                     <p class="para">bla bla bla</p>
                     <p class="para">bla bla bla</p>
                     <p class="para">bla bla bla</p>
                  </div>
                  <div class="sect2">
                     <h2 class="sect2">Example: Second example</h2>
                     <p class="para">bla bla bla</p>
                     <p class="para">bla bla bla</p>
                     <p class="para">bla bla bla</p>
                  </div>
                  <div class="sect2">
                     <h2 class="sect2">Reference information</h2>
                     <p class="para">This description of the <code class="code step">p:replace</code> step is for XProc version: <a href="index.html">
                           <span class="link">3.1</span>
                        </a>.</p>
                     <p class="para">The formal specification for the <code class="code step">p:replace</code> step can be found <a href="https://spec.xproc.org/master/head/steps/#c.replace"
                           target="_blank">
                           <span class="link newpage">here</span>
                        </a>.</p>
                     <p class="para">The <code class="code step">p:replace</code> step is part of category: <a href="Test.html">
                           <span class="link">Test</span>
                        </a>.</p>
                     <p class="para">The <code class="code step">p:replace</code> step is also present in version: <a href="../3.0/p.replace.html">
                           <span class="link">3.0</span>
                        </a>.</p>
                  </div>
               </div>
            </div>
            <p> </p>
         </body>
      </html>
   </xtlcon:document>
   <!-- == PAGES VERSION 3.0 == -->
   <xtlcon:document href-target="3.0/index.html"
                    content-type="text/html"
                    _document-index="11"
                    _href-target="file:///C:/Data/Erik/work/xatapult/xprocref/build/3.0/index.html">
      <html xmlns="http://www.w3.org/1999/xhtml">
         <head>
            <meta http-equiv="Content-Type"
                  content="text/html; charset=utf-8"/>
            <meta name="viewport"
                  content="width=device-width, initial-scale=1"/>
            <link href="../css/bootstrap.min.css"
                  rel="stylesheet"/>
            <script defer="defer"
                    src="../js/bootstrap.bundle.min.js"/>
            <title>All steps for XProc version 3.0</title>
            <link rel="shortcut icon"
                  href="../images/favicon.ico"/>
         </head>
         <body>
            <nav class="navbar navbar-expand-sm bg-secondary navbar-dark ">
               <div class="container-fluid">
                  <a class="navbar-brand"
                     href="../index.html">
                     <img src="../images/logo.png"
                          class="img-fluid"
                          width="18%"/>
                  </a>
               </div>
               <div class="container-fluid">
                  <ul class="nav justify-content-end nav-pills text-light">
                     <li class="nav-item lead">
                        <a class="nav-link text-light"
                           href="../index.html">home</a>
                     </li>
                     <li class="nav-item dropdown lead">
                        <a class="nav-link dropdown-toggle text-light"
                           data-bs-toggle="dropdown"
                           href="#">versions</a>
                        <ul class="dropdown-menu">
                           <li class="lead">
                              <a class="dropdown-item"
                                 href="../versions.html">overview</a>
                           </li>
                           <li class="lead">
                              <a class="dropdown-item"
                                 href="../3.1/index.html">3.1 (latest)</a>
                           </li>
                           <li class="lead">
                              <a class="dropdown-item"
                                 href="../3.0/index.html">3.0</a>
                           </li>
                        </ul>
                     </li>
                     <li class="nav-item lead">
                        <a class="nav-link text-light"
                           href="categories.html">categories</a>
                     </li>
                     <li class="nav-item lead">
                        <a class="nav-link text-light"
                           href="../about.html">about</a>
                     </li>
                  </ul>
               </div>
            </nav>
            <div class="container pt-5">
               <div class="sect1">
                  <h1 class="sect1">All steps for XProc version 3.0</h1>
                  <p class="para">The base XProc version 3.0</p>
                  <p class="para">You can also view these steps <a href="categories.html">
                        <span class="link">by category</span>
                     </a>.</p>
                  <ul class="itemizedlist step-list">
                     <li>
                        <p class="para">
                           <a href="p.replace.html">
                              <span class="link">p:replace</span>
                           </a> -
            Replaces matching nodes</p>
                     </li>
                  </ul>
               </div>
            </div>
            <p> </p>
         </body>
      </html>
   </xtlcon:document>
   <xtlcon:document href-target="3.0/categories.html"
                    content-type="text/html"
                    _document-index="12"
                    _href-target="file:///C:/Data/Erik/work/xatapult/xprocref/build/3.0/categories.html">
      <html xmlns="http://www.w3.org/1999/xhtml">
         <head>
            <meta http-equiv="Content-Type"
                  content="text/html; charset=utf-8"/>
            <meta name="viewport"
                  content="width=device-width, initial-scale=1"/>
            <link href="../css/bootstrap.min.css"
                  rel="stylesheet"/>
            <script defer="defer"
                    src="../js/bootstrap.bundle.min.js"/>
            <title>CATEGORIES VERSION 3.0</title>
            <link rel="shortcut icon"
                  href="../images/favicon.ico"/>
         </head>
         <body>
            <nav class="navbar navbar-expand-sm bg-secondary navbar-dark ">
               <div class="container-fluid">
                  <a class="navbar-brand"
                     href="../index.html">
                     <img src="../images/logo.png"
                          class="img-fluid"
                          width="18%"/>
                  </a>
               </div>
               <div class="container-fluid">
                  <ul class="nav justify-content-end nav-pills text-light">
                     <li class="nav-item lead">
                        <a class="nav-link text-light"
                           href="../index.html">home</a>
                     </li>
                     <li class="nav-item dropdown lead">
                        <a class="nav-link dropdown-toggle text-light"
                           data-bs-toggle="dropdown"
                           href="#">versions</a>
                        <ul class="dropdown-menu">
                           <li class="lead">
                              <a class="dropdown-item"
                                 href="../versions.html">overview</a>
                           </li>
                           <li class="lead">
                              <a class="dropdown-item"
                                 href="../3.1/index.html">3.1 (latest)</a>
                           </li>
                           <li class="lead">
                              <a class="dropdown-item"
                                 href="../3.0/index.html">3.0</a>
                           </li>
                        </ul>
                     </li>
                     <li class="nav-item lead">
                        <a class="nav-link text-light"
                           href="categories.html">categories</a>
                     </li>
                     <li class="nav-item lead">
                        <a class="nav-link text-light"
                           href="../about.html">about</a>
                     </li>
                  </ul>
               </div>
            </nav>
            <div class="container pt-5">
               <div class="sect1">
                  <h1 class="sect1">CATEGORIES VERSION 3.0</h1>
                  <ul class="itemizedlist category-list">
                     <li>
                        <p class="para">
                           <a href="Test.html">
                              <span class="link">Test</span>
                           </a>
                        </p>
                        <p class="para">Just a test category</p>
                     </li>
                  </ul>
               </div>
            </div>
            <p> </p>
         </body>
      </html>
   </xtlcon:document>
   <xtlcon:document href-target="3.0/Test.html"
                    content-type="text/html"
                    _document-index="13"
                    _href-target="file:///C:/Data/Erik/work/xatapult/xprocref/build/3.0/Test.html">
      <html xmlns="http://www.w3.org/1999/xhtml">
         <head>
            <meta http-equiv="Content-Type"
                  content="text/html; charset=utf-8"/>
            <meta name="viewport"
                  content="width=device-width, initial-scale=1"/>
            <link href="../css/bootstrap.min.css"
                  rel="stylesheet"/>
            <script defer="defer"
                    src="../js/bootstrap.bundle.min.js"/>
            <title>Category: Test</title>
            <link rel="shortcut icon"
                  href="../images/favicon.ico"/>
         </head>
         <body>
            <nav class="navbar navbar-expand-sm bg-secondary navbar-dark ">
               <div class="container-fluid">
                  <a class="navbar-brand"
                     href="../index.html">
                     <img src="../images/logo.png"
                          class="img-fluid"
                          width="18%"/>
                  </a>
               </div>
               <div class="container-fluid">
                  <ul class="nav justify-content-end nav-pills text-light">
                     <li class="nav-item lead">
                        <a class="nav-link text-light"
                           href="../index.html">home</a>
                     </li>
                     <li class="nav-item dropdown lead">
                        <a class="nav-link dropdown-toggle text-light"
                           data-bs-toggle="dropdown"
                           href="#">versions</a>
                        <ul class="dropdown-menu">
                           <li class="lead">
                              <a class="dropdown-item"
                                 href="../versions.html">overview</a>
                           </li>
                           <li class="lead">
                              <a class="dropdown-item"
                                 href="../3.1/index.html">3.1 (latest)</a>
                           </li>
                           <li class="lead">
                              <a class="dropdown-item"
                                 href="../3.0/index.html">3.0</a>
                           </li>
                        </ul>
                     </li>
                     <li class="nav-item lead">
                        <a class="nav-link text-light"
                           href="categories.html">categories</a>
                     </li>
                     <li class="nav-item lead">
                        <a class="nav-link text-light"
                           href="../about.html">about</a>
                     </li>
                  </ul>
               </div>
            </nav>
            <div class="container pt-5">
               <div class="sect1">
                  <h1 class="sect1">Category: Test</h1>
                  <p class="para">Just a test category</p>
                  <ul class="itemizedlist step-list">
                     <li>
                        <p class="para">
                           <a href="p.replace.html">
                              <span class="link">p:replace</span>
                           </a> -
            Replaces matching nodes</p>
                     </li>
                  </ul>
               </div>
            </div>
            <p> </p>
         </body>
      </html>
   </xtlcon:document>
   <xtlcon:document href-target="3.0/p.replace.html"
                    content-type="text/html"
                    _document-index="14"
                    _href-target="file:///C:/Data/Erik/work/xatapult/xprocref/build/3.0/p.replace.html">
      <html xmlns="http://www.w3.org/1999/xhtml">
         <head>
            <meta http-equiv="Content-Type"
                  content="text/html; charset=utf-8"/>
            <meta name="viewport"
                  content="width=device-width, initial-scale=1"/>
            <link href="../css/bootstrap.min.css"
                  rel="stylesheet"/>
            <script defer="defer"
                    src="../js/bootstrap.bundle.min.js"/>
            <title>Step: p:replace</title>
            <link rel="shortcut icon"
                  href="../images/favicon.ico"/>
         </head>
         <body>
            <nav class="navbar navbar-expand-sm bg-secondary navbar-dark ">
               <div class="container-fluid">
                  <a class="navbar-brand"
                     href="../index.html">
                     <img src="../images/logo.png"
                          class="img-fluid"
                          width="18%"/>
                  </a>
               </div>
               <div class="container-fluid">
                  <ul class="nav justify-content-end nav-pills text-light">
                     <li class="nav-item lead">
                        <a class="nav-link text-light"
                           href="../index.html">home</a>
                     </li>
                     <li class="nav-item dropdown lead">
                        <a class="nav-link dropdown-toggle text-light"
                           data-bs-toggle="dropdown"
                           href="#">versions</a>
                        <ul class="dropdown-menu">
                           <li class="lead">
                              <a class="dropdown-item"
                                 href="../versions.html">overview</a>
                           </li>
                           <li class="lead">
                              <a class="dropdown-item"
                                 href="../3.1/index.html">3.1 (latest)</a>
                           </li>
                           <li class="lead">
                              <a class="dropdown-item"
                                 href="../3.0/index.html">3.0</a>
                           </li>
                        </ul>
                     </li>
                     <li class="nav-item lead">
                        <a class="nav-link text-light"
                           href="categories.html">categories</a>
                     </li>
                     <li class="nav-item lead">
                        <a class="nav-link text-light"
                           href="../about.html">about</a>
                     </li>
                  </ul>
               </div>
            </nav>
            <div class="container pt-5">
               <div class="sect1">
                  <h1 class="sect1">Step: p:replace</h1>
                  <p class="para">Replaces matching nodes</p>
                  <div class="programlisting step-signature">
                     <pre class="programlisting step-signature">&lt;p:declare-step type="p:replace"&gt;
  &lt;input port="source" primary="true" content-types="xml html" sequence="false"/&gt;
  &lt;output port="result" primary="true" content-types="text xml html" sequence="false"/&gt;
  &lt;input port="replacement" primary="false" content-types="text xml html" sequence="false"/&gt;
  &lt;option name="match" as="xs:string" required="false" select="/*"/&gt;
&lt;/p:declare-step&gt;</pre>
                  </div>
                  <p class="para">The <code class="code">p:replace</code> step replaces matching nodes in
          its primary input with the top-level node(s) of the
          <code class="code">replacement</code> port's document.</p>
                  <p class="para table-header">Ports:</p>
                  <div class="table nonumber ports-table">
                     <table class="table nonumber ports-table">
                        <thead>
                           <tr>
                              <th>
                                 <p class="para">Type</p>
                              </th>
                              <th>
                                 <p class="para">Port name</p>
                              </th>
                              <th>
                                 <p class="para">Primary</p>
                              </th>
                              <th>
                                 <p class="para">Content types</p>
                              </th>
                              <th>
                                 <p class="para">Sequence</p>
                              </th>
                              <th>
                                 <p class="para">Description</p>
                              </th>
                           </tr>
                        </thead>
                        <tbody>
                           <tr>
                              <td>
                                 <p class="para">Input</p>
                              </td>
                              <td>
                                 <p class="para">
                                    <code class="code">source</code>
                                 </p>
                              </td>
                              <td>
                                 <p class="para">
                                    <code class="code">true</code>
                                 </p>
                              </td>
                              <td>
                                 <p class="para">
                                    <code class="code">xml html</code>
                                 </p>
                              </td>
                              <td>
                                 <p class="para">
                                    <code class="code">false</code>
                                 </p>
                              </td>
                              <td>
                                 <p class="para">The primary source port</p>
                              </td>
                           </tr>
                           <tr>
                              <td>
                                 <p class="para">Output</p>
                              </td>
                              <td>
                                 <p class="para">
                                    <code class="code">result</code>
                                 </p>
                              </td>
                              <td>
                                 <p class="para">
                                    <code class="code">true</code>
                                 </p>
                              </td>
                              <td>
                                 <p class="para">
                                    <code class="code">text xml html</code>
                                 </p>
                              </td>
                              <td>
                                 <p class="para">
                                    <code class="code">false</code>
                                 </p>
                              </td>
                              <td>
                                 <p class="para">The final result</p>
                              </td>
                           </tr>
                           <tr>
                              <td>
                                 <p class="para">Input</p>
                              </td>
                              <td>
                                 <p class="para">
                                    <code class="code">replacement</code>
                                 </p>
                              </td>
                              <td>
                                 <p class="para">
                                    <code class="code">false</code>
                                 </p>
                              </td>
                              <td>
                                 <p class="para">
                                    <code class="code">text xml html</code>
                                 </p>
                              </td>
                              <td>
                                 <p class="para">
                                    <code class="code">false</code>
                                 </p>
                              </td>
                              <td>
                                 <p class="para">The thing to replace with</p>
                              </td>
                           </tr>
                        </tbody>
                     </table>
                  </div>
                  <p class="para table-header">Options:</p>
                  <div class="table nonumber options-table">
                     <table class="table nonumber options-table">
                        <thead>
                           <tr>
                              <th>
                                 <p class="para">Name</p>
                              </th>
                              <th>
                                 <p class="para">As</p>
                              </th>
                              <th>
                                 <p class="para">Required</p>
                              </th>
                              <th>
                                 <p class="para">Select</p>
                              </th>
                              <th>
                                 <p class="para">Description</p>
                              </th>
                           </tr>
                        </thead>
                        <tbody>
                           <tr>
                              <td>
                                 <p class="para">
                                    <code class="code">match</code>
                                 </p>
                              </td>
                              <td>
                                 <p class="para">
                                    <code class="code">xs:string</code> (<code class="code">XSLTSelectionPattern</code>)</p>
                              </td>
                              <td>
                                 <p class="para">
                                    <code class="code">false</code>
                                 </p>
                              </td>
                              <td>
                                 <p class="para">
                                    <code class="code">/*</code>
                                 </p>
                              </td>
                              <td>
                                 <p class="para">Where to replace stuff</p>
                              </td>
                           </tr>
                        </tbody>
                     </table>
                  </div>
                  <div class="sect2">
                     <h2 class="sect2">Description</h2>
                     <p class="para">The value of the <span class="error">[*** Unrecognized element: &lt;db:option&gt; (phase: inline)]</span> option
          <span class="error">[*** Unrecognized element: &lt;db:rfc2119&gt; (phase: inline)]</span> be an XSLTSelectionPattern. <span class="error">[*** Unrecognized element: &lt;db:error code="C0023"&gt; (phase: inline)]</span> Multiple matches are allowed, in which case multiple
          copies of the <span class="error">[*** Unrecognized element: &lt;db:port&gt; (phase: inline)]</span> document will occur.</p>
                     <p class="para">Every node in the primary input matching the specified
          pattern is replaced in the output by the top-level node(s)
          of the <span class="error">[*** Unrecognized element: &lt;db:port&gt; (phase: inline)]</span> document. Only non-nested matches are
          replaced. That is, once a node is replaced, its descendants cannot
          be matched.</p>
                     <p class="para">If the document node is matched and port <span class="error">[*** Unrecognized element: &lt;db:port&gt; (phase: inline)]</span> contains
          a text document, the entire document is replaced by the text node. What appears on port 
          <span class="error">[*** Unrecognized element: &lt;db:port&gt; (phase: inline)]</span> is a text document with the text node wrapped in a document node.</p>
                     <p class="error">[*** Unrecognized element: &lt;db:simplesect&gt; (phase: main)]</p>
                  </div>
                  <div class="sect2">
                     <h2 class="sect2">Reference information</h2>
                     <p class="para">This description of the <code class="code step">p:replace</code> step is for XProc version: <a href="index.html">
                           <span class="link">3.0</span>
                        </a>.</p>
                     <p class="para">The formal specification for the <code class="code step">p:replace</code> step can be found <a href="https://spec.xproc.org/master/head/steps/#c.replace"
                           target="_blank">
                           <span class="link newpage">here</span>
                        </a>.</p>
                     <p class="para">The <code class="code step">p:replace</code> step is part of category: <a href="Test.html">
                           <span class="link">Test</span>
                        </a>.</p>
                     <p class="para">The <code class="code step">p:replace</code> step is also present in version: <a href="../3.1/p.replace.html">
                           <span class="link">3.1</span>
                        </a>.</p>
                  </div>
               </div>
            </div>
            <p> </p>
         </body>
      </html>
   </xtlcon:document>
</xtlcon:document-container>